<?xml version="1.0" encoding="UTF-8"?>
<!-- Generated by org.testng.reporters.JUnitXMLReporter -->
<testsuite hostname="YP1006992DT" name="Test" tests="5" failures="1" timestamp="25 Oct 2019 03:16:13 GMT" time="0.255" errors="0">
  <testcase name="@BeforeClass beforeTestMethod" time="0.0" classname="com.driver.PinterestTestCase">
    <failure type="java.lang.NullPointerException">
      <![CDATA[java.lang.NullPointerException
	at com.driver.PinterestTestCase.beforeTestMethod(PinterestTestCase.java:31)
... Removed 24 stack frames]]>
    </failure>
  </testcase> <!-- @BeforeClass beforeTestMethod -->
  <testcase name="@AfterClass closeTest" time="0.0" classname="com.driver.PinterestTestCase">
    <skipped/>
  </testcase> <!-- @AfterClass closeTest -->
  <testcase name="@BeforeClass beforeTestMethod" time="0.0" classname="com.driver.SeleniumTestCase">
    <failure type="java.lang.NullPointerException">
      <![CDATA[java.lang.NullPointerException
	at com.driver.SeleniumTestCase.beforeTestMethod(SeleniumTestCase.java:30)
... Removed 24 stack frames]]>
    </failure>
  </testcase> <!-- @BeforeClass beforeTestMethod -->
  <testcase name="@AfterClass closeTest" time="0.0" classname="com.driver.SeleniumTestCase">
    <skipped/>
  </testcase> <!-- @AfterClass closeTest -->
  <testcase name="driverMethod" time="0.002" classname="com.driver.PinterestTestCase">
    <skipped/>
  </testcase> <!-- driverMethod -->
  <testcase name="driverMethod" time="0.002" classname="com.driver.PinterestTestCase">
    <skipped/>
  </testcase> <!-- driverMethod -->
  <testcase name="driverMethod" time="0.001" classname="com.driver.PinterestTestCase">
    <skipped/>
  </testcase> <!-- driverMethod -->
  <testcase name="driverMethod" time="0.002" classname="com.driver.PinterestTestCase">
    <skipped/>
  </testcase> <!-- driverMethod -->
  <testcase name="driverMethod" time="0.006" classname="com.driver.SeleniumTestCase">
    <failure type="org.testng.TestNGException" message="
The data provider is trying to pass 4 parameters but the method com.driver.SeleniumTestCase#driverMethod takes 3">
      <![CDATA[org.testng.TestNGException: 
The data provider is trying to pass 4 parameters but the method com.driver.SeleniumTestCase#driverMethod takes 3
... Removed 18 stack frames]]>
    </failure>
  </testcase> <!-- driverMethod -->
</testsuite> <!-- Test -->
